e:\projects\vsc c++\x\x cursed world\x64\debug\vc143.pdb
e:\projects\vsc c++\x\x cursed world\x64\debug\vc143.idb
e:\projects\vsc c++\x\x cursed world\x64\debug\store.obj
e:\projects\vsc c++\x\x cursed world\x64\debug\main.obj
e:\projects\vsc c++\x\x cursed world\x64\debug\game.obj
e:\projects\vsc c++\x\x cursed world\x64\debug\score.obj
c:\users\hp\desktop\x-cursed-world\x cursed world\x64\debug\vc143.pdb
c:\users\hp\desktop\x-cursed-world\x cursed world\x64\debug\vc143.idb
c:\users\hp\desktop\x-cursed-world\x cursed world\x64\debug\store.obj
c:\users\hp\desktop\x-cursed-world\x cursed world\x64\debug\score.obj
c:\users\hp\desktop\x-cursed-world\x cursed world\x64\debug\main.obj
c:\users\hp\desktop\x-cursed-world\x cursed world\x64\debug\game.obj
e:\projects\vsc c++\x\x64\debug\x cursed world.exe
e:\projects\vsc c++\x\x64\debug\x cursed world.pdb
e:\projects\vsc c++\x\x cursed world\x64\debug\x cursed world.ilk
c:\users\hp\desktop\x-cursed-world\x64\debug\x cursed world.pdb
c:\users\hp\desktop\x-cursed-world\x cursed world\x64\debug\x cursed world.tlog\cl.command.1.tlog
c:\users\hp\desktop\x-cursed-world\x cursed world\x64\debug\x cursed world.tlog\cl.items.tlog
c:\users\hp\desktop\x-cursed-world\x cursed world\x64\debug\x cursed world.tlog\cl.read.1.tlog
c:\users\hp\desktop\x-cursed-world\x cursed world\x64\debug\x cursed world.tlog\cl.write.1.tlog
c:\users\hp\desktop\x-cursed-world\x cursed world\x64\debug\x cursed world.tlog\link.command.1.tlog
c:\users\hp\desktop\x-cursed-world\x cursed world\x64\debug\x cursed world.tlog\link.read.1.tlog
c:\users\hp\desktop\x-cursed-world\x cursed world\x64\debug\x cursed world.tlog\link.secondary.1.tlog
c:\users\hp\desktop\x-cursed-world\x cursed world\x64\debug\x cursed world.tlog\link.write.1.tlog
